<?xml version="1.0" encoding="UTF-8"?>
<!-- Generated by org.testng.reporters.JUnitXMLReporter -->
<testsuite ignored="5" hostname="Arifuls-MBP.lan" failures="0" tests="1" name="Default test" time="36.764" errors="0" timestamp="2022-12-30T03:27:06 EST">
  <testcase classname="testPages.HomePageTest" name="clickSignInTest" time="21.595"/>
  <testcase classname="testPages.HomePageTest" name="clickFeedbackTest" time="0.0">
    <ignored/>
  </testcase> <!-- clickFeedbackTest -->
  <testcase classname="testPages.HomePageTest" name="clickFindAgentTest" time="0.0">
    <ignored/>
  </testcase> <!-- clickFindAgentTest -->
  <testcase classname="testPages.HomePageTest" name="clickFcontactUsTest" time="0.0">
    <ignored/>
  </testcase> <!-- clickFcontactUsTest -->
  <testcase classname="testPages.HomePageTest" name="clickInsuranceTest" time="0.0">
    <ignored/>
  </testcase> <!-- clickInsuranceTest -->
  <testcase classname="testPages.HomePageTest" name="clickLogoTest" time="0.0">
    <ignored/>
  </testcase> <!-- clickLogoTest -->
</testsuite> <!-- Default test -->
